   1.7727614e-01  -1.4074399e+00  -5.6099255e-01   2.7868973e-01  -1.2318547e+00  -1.1192188e+00  -3.2394884e-01  -1.3459470e+00  -9.6685656e-01  -8.4557417e-01  -6.0960869e-01  -6.4544826e-01  -4.8152177e-02   1.0241509e-02  -1.8959219e-02  -4.5777998e-01
  -2.0220837e+00   9.3311456e-01   6.8249973e-01  -9.3392075e-02  -9.1052590e-01  -1.1235502e+00  -3.3838211e-01   4.6167608e-01   2.3211793e-01   9.7218095e-02   1.8441762e-01   3.2186081e-01  -6.3166341e-02   3.6388211e-01   2.6190090e-02  -6.1267620e-01
  -1.1460585e+00   6.8194052e-01   2.5569775e-01  -1.7951602e-01  -2.2274086e-01  -2.7172507e-01  -9.5896112e-01  -1.6652551e+00  -1.4002883e+00  -1.1189874e+00  -4.2156974e-01  -1.3446479e+00  -7.4779938e-01  -8.4039910e-01  -8.2803697e-01   7.4823139e-01
  -1.1710130e+00   9.7293151e-01   6.0539792e-01  -5.8014235e-01  -1.0601705e+00  -9.3129952e-01  -3.0719239e-01  -1.0595549e-01  -2.5093884e-01  -7.1505881e-01  -7.2639005e-01  -2.3402240e-01  -6.6716752e-01  -5.5798772e-01  -5.1048454e-01  -1.2628185e+00
  -9.3787108e-01  -1.2480125e+00  -1.0370707e+00   1.1123953e-01  -9.4063630e-01  -9.7309744e-01  -1.2345909e-01   1.0336361e-01  -3.1335380e-01  -4.4161687e-01  -1.0924804e+00  -1.4760058e-01   5.9711507e-01   6.6987189e-01   4.8576006e-01   2.0551717e-02
  -4.7959666e-01  -7.5987125e-01  -2.2136650e-01  -6.9418257e-02  -1.2709576e-01  -3.6368292e-01  -3.7101407e-01  -6.2685703e-01  -5.4150603e-01  -5.3250338e-01  -7.6332043e-01  -6.8236552e-01   2.5664079e-02   1.4913559e-01   1.7296292e-02  -7.4195959e-01
  -7.0037798e-01  -1.6417782e+00  -7.1808370e-01   1.8326016e-01  -4.3161155e-01  -4.6425171e-01  -1.7378411e+00  -6.6971961e-01  -4.0317666e-01  -8.5340901e-02  -9.4283033e-01   1.1698607e+00  -3.5106580e-01  -9.5418941e-02  -3.1229840e-01  -2.8803434e-01
  -1.1072047e+00  -2.5319381e+00  -7.2000755e-01   1.3151037e-01  -2.4610957e-01  -5.9054469e-01  -2.3744205e+00   7.3735195e-01   6.0956549e-01  -9.2591491e-02   2.2673445e+00   1.6962448e+00   1.8551077e+00   9.9304561e-01   4.9960947e-01  -4.5904389e-01
   1.2760165e+00   1.7078631e-01   4.6556675e-01  -3.8306972e+00   1.0288951e-02  -1.7263670e-01   8.4845082e-01   1.9967960e-01  -1.1004499e+00  -1.7165904e+00  -6.1560243e-01  -2.0551936e-01  -2.6541453e-01  -5.8240095e-01  -5.7571843e-01   9.9189505e-03
  -3.3478360e-01  -1.6339001e+00  -9.6591772e-01   1.1707920e-01  -8.3744977e-01  -9.0784420e-01  -6.5234910e-01   6.0950118e-01   7.6050454e-01   4.4411569e-01  -2.0631892e-01   6.2913907e-01   7.5478164e-01   7.5792409e-01   5.3364630e-01  -4.5212533e-01
   4.9578500e-01  -3.1613399e+00  -2.0768718e+00   1.6413962e-01   7.4639752e-01   6.0715373e-01  -2.9515280e-01  -4.6510130e-01  -5.8049615e-01  -4.4572979e-01  -2.3656969e-01  -1.2398393e+00  -9.1825235e-01  -6.1864366e-01  -7.5938928e-01  -9.4103536e-01
  -8.6529884e-01  -5.5219681e+00  -2.2779244e+00   2.1441776e+00   2.3629715e-01  -6.5030718e-01   1.8428129e+00   1.0928854e-01   1.2060488e+00  -7.4228024e-01  -2.4570868e+00   6.9462556e-02  -8.6487555e-02  -8.2698017e-01  -1.0556025e+00  -5.6413631e-01
  -2.7645464e+00   2.3555398e+00   2.2466398e+00   2.4932586e-02  -8.6313208e-03  -6.8344781e-01  -2.3041982e+00  -1.5136029e+00  -1.9652782e+00  -1.7744704e+00  -1.7790707e+00   1.2342649e+00   8.0540066e-01   4.5579020e-01   1.1543595e-01   1.0768209e-01
  -1.6715866e+00  -1.3911916e+00  -8.9392393e-01  -4.4240226e-01   1.2330893e+00   7.5027991e-01  -1.9473679e-01   1.1477699e+00   5.4496427e-01   3.5876824e-01  -4.9410575e-01  -9.2298440e-01  -8.3646212e-01  -7.0451453e-01  -7.1001897e-01  -9.3127245e-01
  -1.4236165e+00  -1.9203860e+00  -1.3847299e+00  -3.3852184e-01   1.8366674e+00   1.3481493e+00  -3.4152920e-01   1.4054124e+00   6.6978339e-01   1.9660524e-01  -3.1136264e-01  -9.8142683e-01  -9.9792572e-01  -7.4266584e-01  -7.2269054e-01  -1.3646569e+00
  -3.6449413e+00  -1.1133528e+00  -1.0518399e+00   8.0489454e-01   3.6986611e-02  -8.0527156e-01   1.7805374e+00   2.8180379e-01  -2.3990755e-01  -7.7715923e-01  -1.4542210e+00  -2.0115294e+00  -1.0811568e+00   9.5353010e-01   3.7577582e+00   2.0500772e+00
  -4.6486529e+00   9.6394767e-01  -3.1032454e-01   1.2326763e+00  -3.7909621e-01  -5.4146233e-01   5.0879524e-01  -4.3976021e-01  -8.2193464e-01  -1.7057434e+00  -1.2361391e+00   1.3232029e+00  -8.5636965e-01  -1.0963886e+00  -1.1058793e+00  -7.7837784e-01
  -3.2767899e+00  -2.5537213e+00   6.4564330e-01   2.3792070e+00  -4.2002546e-01   1.5256159e+00   2.9024662e+00   9.1089300e-01   2.1100765e+00   5.0142255e+00   3.0384075e+00  -4.5632492e-01  -1.8123605e+00  -9.8433423e-01  -2.7902698e+00  -1.8328594e+00
  -3.2158447e-01  -3.8925631e+00   8.9652926e-01   2.3779790e+00  -4.9146256e-01  -4.0541859e-01  -1.5035319e+00  -1.3254266e+00  -1.6978035e+00  -1.6296976e+00  -8.2508065e-01  -1.6928153e+00  -9.4104290e-02  -5.4586214e-01  -3.0554352e-01   1.1060180e+00
  -1.5580778e+00   5.8042631e-01   2.5236156e-01  -5.2908464e-01  -8.8314909e-01  -7.8590069e-01  -4.2382601e-01   2.5180335e-01   1.4049184e-01  -4.1835206e-02  -2.1598471e-01   2.9505531e-01   4.3988657e-01   6.6335366e-01   4.6293531e-01  -4.2014003e-01
